0 info it worked if it ends with ok
1 verbose cli [ '/home/peter/node-v6.9.1-linux-x64/bin/node',
1 verbose cli   '/usr/local/bin/npm',
1 verbose cli   'install',
1 verbose cli   'generator-tae' ]
2 info using npm@3.10.5
3 info using node@v6.9.1
4 verbose config Skipping project config: /home/peter/.npmrc. (matches userconfig)
5 silly loadCurrentTree Starting
6 silly install loadCurrentTree
7 silly install readLocalPackageData
8 silly fetchPackageMetaData generator-tae
9 silly fetchNamedPackageData generator-tae
10 silly mapToRegistry name generator-tae
11 silly mapToRegistry using default registry
12 silly mapToRegistry registry https://registry.npmjs.org/
13 silly mapToRegistry data Result {
13 silly mapToRegistry   raw: 'generator-tae',
13 silly mapToRegistry   scope: null,
13 silly mapToRegistry   escapedName: 'generator-tae',
13 silly mapToRegistry   name: 'generator-tae',
13 silly mapToRegistry   rawSpec: '',
13 silly mapToRegistry   spec: 'latest',
13 silly mapToRegistry   type: 'tag' }
14 silly mapToRegistry uri https://registry.npmjs.org/generator-tae
15 verbose request uri https://registry.npmjs.org/generator-tae
16 verbose request no auth needed
17 info attempt registry request try #1 at 08:32:33
18 verbose request id 4ea61383787e1394
19 http request GET https://registry.npmjs.org/generator-tae
20 http 404 https://registry.npmjs.org/generator-tae
21 verbose headers { 'content-type': 'application/json',
21 verbose headers   'cache-control': 'max-age=0',
21 verbose headers   'content-length': '2',
21 verbose headers   'accept-ranges': 'bytes',
21 verbose headers   date: 'Wed, 09 Nov 2016 07:32:34 GMT',
21 verbose headers   via: '1.1 varnish',
21 verbose headers   age: '0',
21 verbose headers   connection: 'keep-alive',
21 verbose headers   'x-served-by': 'cache-cdg8722-CDG',
21 verbose headers   'x-cache': 'MISS',
21 verbose headers   'x-cache-hits': '0',
21 verbose headers   'x-timer': 'S1478676754.086154,VS0,VE184',
21 verbose headers   vary: 'Accept-Encoding' }
22 silly get cb [ 404,
22 silly get   { 'content-type': 'application/json',
22 silly get     'cache-control': 'max-age=0',
22 silly get     'content-length': '2',
22 silly get     'accept-ranges': 'bytes',
22 silly get     date: 'Wed, 09 Nov 2016 07:32:34 GMT',
22 silly get     via: '1.1 varnish',
22 silly get     age: '0',
22 silly get     connection: 'keep-alive',
22 silly get     'x-served-by': 'cache-cdg8722-CDG',
22 silly get     'x-cache': 'MISS',
22 silly get     'x-cache-hits': '0',
22 silly get     'x-timer': 'S1478676754.086154,VS0,VE184',
22 silly get     vary: 'Accept-Encoding' } ]
23 silly fetchPackageMetaData Error: Registry returned 404 for GET on https://registry.npmjs.org/generator-tae
23 silly fetchPackageMetaData     at makeError (/usr/local/lib/node_modules/npm/node_modules/npm-registry-client/lib/request.js:264:12)
23 silly fetchPackageMetaData     at CachingRegistryClient.<anonymous> (/usr/local/lib/node_modules/npm/node_modules/npm-registry-client/lib/request.js:242:14)
23 silly fetchPackageMetaData     at Request._callback (/usr/local/lib/node_modules/npm/node_modules/npm-registry-client/lib/request.js:172:14)
23 silly fetchPackageMetaData     at Request.self.callback (/usr/local/lib/node_modules/npm/node_modules/request/request.js:200:22)
23 silly fetchPackageMetaData     at emitTwo (events.js:106:13)
23 silly fetchPackageMetaData     at Request.emit (events.js:191:7)
23 silly fetchPackageMetaData     at Request.<anonymous> (/usr/local/lib/node_modules/npm/node_modules/request/request.js:1067:10)
23 silly fetchPackageMetaData     at emitOne (events.js:101:20)
23 silly fetchPackageMetaData     at Request.emit (events.js:188:7)
23 silly fetchPackageMetaData     at IncomingMessage.<anonymous> (/usr/local/lib/node_modules/npm/node_modules/request/request.js:988:12)
23 silly fetchPackageMetaData  error for generator-tae { Error: Registry returned 404 for GET on https://registry.npmjs.org/generator-tae
23 silly fetchPackageMetaData     at makeError (/usr/local/lib/node_modules/npm/node_modules/npm-registry-client/lib/request.js:264:12)
23 silly fetchPackageMetaData     at CachingRegistryClient.<anonymous> (/usr/local/lib/node_modules/npm/node_modules/npm-registry-client/lib/request.js:242:14)
23 silly fetchPackageMetaData     at Request._callback (/usr/local/lib/node_modules/npm/node_modules/npm-registry-client/lib/request.js:172:14)
23 silly fetchPackageMetaData     at Request.self.callback (/usr/local/lib/node_modules/npm/node_modules/request/request.js:200:22)
23 silly fetchPackageMetaData     at emitTwo (events.js:106:13)
23 silly fetchPackageMetaData     at Request.emit (events.js:191:7)
23 silly fetchPackageMetaData     at Request.<anonymous> (/usr/local/lib/node_modules/npm/node_modules/request/request.js:1067:10)
23 silly fetchPackageMetaData     at emitOne (events.js:101:20)
23 silly fetchPackageMetaData     at Request.emit (events.js:188:7)
23 silly fetchPackageMetaData     at IncomingMessage.<anonymous> (/usr/local/lib/node_modules/npm/node_modules/request/request.js:988:12) pkgid: 'generator-tae', statusCode: 404, code: 'E404' }
24 silly rollbackFailedOptional Starting
25 silly rollbackFailedOptional Finishing
26 silly runTopLevelLifecycles Starting
27 silly runTopLevelLifecycles Finishing
28 silly install printInstalled
29 verbose stack Error: Registry returned 404 for GET on https://registry.npmjs.org/generator-tae
29 verbose stack     at makeError (/usr/local/lib/node_modules/npm/node_modules/npm-registry-client/lib/request.js:264:12)
29 verbose stack     at CachingRegistryClient.<anonymous> (/usr/local/lib/node_modules/npm/node_modules/npm-registry-client/lib/request.js:242:14)
29 verbose stack     at Request._callback (/usr/local/lib/node_modules/npm/node_modules/npm-registry-client/lib/request.js:172:14)
29 verbose stack     at Request.self.callback (/usr/local/lib/node_modules/npm/node_modules/request/request.js:200:22)
29 verbose stack     at emitTwo (events.js:106:13)
29 verbose stack     at Request.emit (events.js:191:7)
29 verbose stack     at Request.<anonymous> (/usr/local/lib/node_modules/npm/node_modules/request/request.js:1067:10)
29 verbose stack     at emitOne (events.js:101:20)
29 verbose stack     at Request.emit (events.js:188:7)
29 verbose stack     at IncomingMessage.<anonymous> (/usr/local/lib/node_modules/npm/node_modules/request/request.js:988:12)
30 verbose statusCode 404
31 verbose pkgid generator-tae
32 verbose cwd /home/peter/POUB/angularOpenclassrooms
33 error Linux 4.2.0-35-generic
34 error argv "/home/peter/node-v6.9.1-linux-x64/bin/node" "/usr/local/bin/npm" "install" "generator-tae"
35 error node v6.9.1
36 error npm  v3.10.5
37 error code E404
38 error 404 Registry returned 404 for GET on https://registry.npmjs.org/generator-tae
39 error 404
40 error 404 'generator-tae' is not in the npm registry.
41 error 404 You should bug the author to publish it (or use the name yourself!)
42 error 404 Note that you can also install from a
43 error 404 tarball, folder, http url, or git url.
44 verbose exit [ 1, true ]
